2018-05-24 15:01:29,520 [restartedMain] INFO  c.w.HellospringbootApplication 50 - Starting HellospringbootApplication on DESKTOP-API2B13 with PID 12244 (D:\idea-workspace\hellospringboot\target\classes started by lenovo in D:\idea-workspace\hellospringboot)
2018-05-24 15:01:29,522 [restartedMain] INFO  c.w.HellospringbootApplication 663 - The following profiles are active: datasource
2018-05-24 15:01:29,670 [restartedMain] INFO  o.s.b.w.s.c.AnnotationConfigServletWebServerApplicationContext 590 - Refreshing org.springframework.boot.web.servlet.context.AnnotationConfigServletWebServerApplicationContext@5f0ef14d: startup date [Thu May 24 15:01:29 CST 2018]; root of context hierarchy
2018-05-24 15:01:32,494 [restartedMain] INFO  o.s.c.s.PostProcessorRegistrationDelegate$BeanPostProcessorChecker 328 - Bean 'org.springframework.transaction.annotation.ProxyTransactionManagementConfiguration' of type [org.springframework.transaction.annotation.ProxyTransactionManagementConfiguration$$EnhancerBySpringCGLIB$$e48ce79] is not eligible for getting processed by all BeanPostProcessors (for example: not eligible for auto-proxying)
2018-05-24 15:01:33,230 [restartedMain] INFO  o.s.b.w.e.tomcat.TomcatWebServer 91 - Tomcat initialized with port(s): 2018 (http)
2018-05-24 15:01:33,248 [restartedMain] INFO  o.a.coyote.http11.Http11NioProtocol 180 - Initializing ProtocolHandler ["http-nio-2018"]
2018-05-24 15:01:33,292 [restartedMain] INFO  o.a.catalina.core.StandardService 180 - Starting service [Tomcat]
2018-05-24 15:01:33,293 [restartedMain] INFO  o.a.catalina.core.StandardEngine 180 - Starting Servlet Engine: Apache Tomcat/8.5.31
2018-05-24 15:01:33,321 [localhost-startStop-1] INFO  o.a.c.core.AprLifecycleListener 180 - The APR based Apache Tomcat Native library which allows optimal performance in production environments was not found on the java.library.path: [C:\Program Files\Java\jdk-10.0.1\bin;C:\WINDOWS\Sun\Java\bin;C:\WINDOWS\system32;C:\WINDOWS;C:\Program Files (x86)\Common Files\Oracle\Java\javapath;C:\Program Files\Java\jdk1.8.0_144\bin;C:\Program Files\Java\jdk1.8.0_144\jre\bin;C:\ProgramData\Oracle\Java\javapath;C:\WINDOWS\system32;C:\WINDOWS;C:\WINDOWS\System32\Wbem;C:\WINDOWS\System32\WindowsPowerShell\v1.0\;D:\apache-maven-3.2.1-bin\bin;C:\Program Files\TortoiseSVN\bin;D:\luaforw\5.1;D:\luaforw\5.1\clibs;C:\Users\lenovo\AppData\Local\Microsoft\WindowsApps;C:\Users\lenovo\AppData\Local\GitHubDesktop\bin;.]
2018-05-24 15:01:33,493 [localhost-startStop-1] INFO  o.a.c.c.C.[Tomcat].[localhost].[/] 180 - Initializing Spring embedded WebApplicationContext
2018-05-24 15:01:33,493 [localhost-startStop-1] INFO  o.s.web.context.ContextLoader 285 - Root WebApplicationContext: initialization completed in 3824 ms
2018-05-24 15:01:33,793 [localhost-startStop-1] INFO  o.s.b.w.s.ServletRegistrationBean 185 - Servlet dispatcherServlet mapped to [/]
2018-05-24 15:01:33,815 [localhost-startStop-1] INFO  o.s.b.w.s.FilterRegistrationBean 244 - Mapping filter: 'characterEncodingFilter' to: [/*]
2018-05-24 15:01:33,816 [localhost-startStop-1] INFO  o.s.b.w.s.FilterRegistrationBean 244 - Mapping filter: 'hiddenHttpMethodFilter' to: [/*]
2018-05-24 15:01:33,817 [localhost-startStop-1] INFO  o.s.b.w.s.FilterRegistrationBean 244 - Mapping filter: 'httpPutFormContentFilter' to: [/*]
2018-05-24 15:01:33,817 [localhost-startStop-1] INFO  o.s.b.w.s.FilterRegistrationBean 244 - Mapping filter: 'requestContextFilter' to: [/*]
2018-05-24 15:01:34,084 [restartedMain] INFO  com.zaxxer.hikari.HikariDataSource 110 - HikariPool-1 - Starting...
2018-05-24 15:01:34,872 [restartedMain] INFO  com.zaxxer.hikari.HikariDataSource 123 - HikariPool-1 - Start completed.
2018-05-24 15:01:34,973 [restartedMain] INFO  o.s.o.j.LocalContainerEntityManagerFactoryBean 361 - Building JPA container EntityManagerFactory for persistence unit 'default'
2018-05-24 15:01:34,999 [restartedMain] INFO  o.h.jpa.internal.util.LogHelper 31 - HHH000204: Processing PersistenceUnitInfo [
	name: default
	...]
2018-05-24 15:01:35,253 [restartedMain] INFO  org.hibernate.Version 45 - HHH000412: Hibernate Core {5.2.17.Final}
2018-05-24 15:01:35,256 [restartedMain] INFO  org.hibernate.cfg.Environment 213 - HHH000206: hibernate.properties not found
2018-05-24 15:01:35,355 [restartedMain] INFO  o.h.annotations.common.Version 66 - HCANN000001: Hibernate Commons Annotations {5.0.1.Final}
2018-05-24 15:01:35,630 [restartedMain] INFO  org.hibernate.dialect.Dialect 157 - HHH000400: Using dialect: org.hibernate.dialect.MySQL5Dialect
2018-05-24 15:01:35,872 [restartedMain] WARN  org.hibernate.id.UUIDHexGenerator 42 - HHH000409: Using org.hibernate.id.UUIDHexGenerator which does not generate IETF RFC 4122 compliant UUID values; consider using org.hibernate.id.UUIDGenerator instead
2018-05-24 15:01:36,361 [restartedMain] INFO  o.s.o.j.LocalContainerEntityManagerFactoryBean 415 - Initialized JPA EntityManagerFactory for persistence unit 'default'
2018-05-24 15:01:36,757 [restartedMain] INFO  o.s.w.s.h.SimpleUrlHandlerMapping 373 - Mapped URL path [/**/favicon.ico] onto handler of type [class org.springframework.web.servlet.resource.ResourceHttpRequestHandler]
2018-05-24 15:01:37,083 [restartedMain] INFO  o.s.w.s.m.m.a.RequestMappingHandlerAdapter 574 - Looking for @ControllerAdvice: org.springframework.boot.web.servlet.context.AnnotationConfigServletWebServerApplicationContext@5f0ef14d: startup date [Thu May 24 15:01:29 CST 2018]; root of context hierarchy
2018-05-24 15:01:37,119 [restartedMain] WARN  o.s.b.a.o.j.JpaBaseConfiguration$JpaWebConfiguration$JpaWebMvcConfiguration 235 - spring.jpa.open-in-view is enabled by default. Therefore, database queries may be performed during view rendering. Explicitly configure spring.jpa.open-in-view to disable this warning
2018-05-24 15:01:37,154 [restartedMain] INFO  o.s.w.s.m.m.a.RequestMappingHandlerMapping 547 - Mapped "{[/test/{id}],methods=[GET]}" onto public java.lang.String com.wxywizard.controller.Controller.test(java.lang.String)
2018-05-24 15:01:37,155 [restartedMain] INFO  o.s.w.s.m.m.a.RequestMappingHandlerMapping 547 - Mapped "{[/girls/{id}],methods=[PUT]}" onto public com.wxywizard.domain.Girl com.wxywizard.controller.Controller.updateGirl(java.lang.String,java.lang.String,java.lang.Integer)
2018-05-24 15:01:37,156 [restartedMain] INFO  o.s.w.s.m.m.a.RequestMappingHandlerMapping 547 - Mapped "{[/girls/{id}],methods=[DELETE]}" onto public void com.wxywizard.controller.Controller.deleteGirl(java.lang.String)
2018-05-24 15:01:37,156 [restartedMain] INFO  o.s.w.s.m.m.a.RequestMappingHandlerMapping 547 - Mapped "{[/girls],methods=[GET]}" onto public java.util.List<com.wxywizard.domain.Girl> com.wxywizard.controller.Controller.listGirl()
2018-05-24 15:01:37,156 [restartedMain] INFO  o.s.w.s.m.m.a.RequestMappingHandlerMapping 547 - Mapped "{[/girls/{id}],methods=[GET]}" onto public java.util.Optional<com.wxywizard.domain.Girl> com.wxywizard.controller.Controller.girlFindOne(java.lang.String)
2018-05-24 15:01:37,157 [restartedMain] INFO  o.s.w.s.m.m.a.RequestMappingHandlerMapping 547 - Mapped "{[/girls],methods=[POST]}" onto public com.wxywizard.domain.Girl com.wxywizard.controller.Controller.saveGirl(java.lang.String,java.lang.Integer)
2018-05-24 15:01:37,158 [restartedMain] INFO  o.s.w.s.m.m.a.RequestMappingHandlerMapping 547 - Mapped "{[/error]}" onto public org.springframework.http.ResponseEntity<java.util.Map<java.lang.String, java.lang.Object>> org.springframework.boot.autoconfigure.web.servlet.error.BasicErrorController.error(javax.servlet.http.HttpServletRequest)
2018-05-24 15:01:37,158 [restartedMain] INFO  o.s.w.s.m.m.a.RequestMappingHandlerMapping 547 - Mapped "{[/error],produces=[text/html]}" onto public org.springframework.web.servlet.ModelAndView org.springframework.boot.autoconfigure.web.servlet.error.BasicErrorController.errorHtml(javax.servlet.http.HttpServletRequest,javax.servlet.http.HttpServletResponse)
2018-05-24 15:01:37,184 [restartedMain] INFO  o.s.w.s.h.SimpleUrlHandlerMapping 373 - Mapped URL path [/webjars/**] onto handler of type [class org.springframework.web.servlet.resource.ResourceHttpRequestHandler]
2018-05-24 15:01:37,184 [restartedMain] INFO  o.s.w.s.h.SimpleUrlHandlerMapping 373 - Mapped URL path [/**] onto handler of type [class org.springframework.web.servlet.resource.ResourceHttpRequestHandler]
2018-05-24 15:01:37,690 [restartedMain] INFO  o.s.b.d.a.OptionalLiveReloadServer 57 - LiveReload server is running on port 35729
2018-05-24 15:01:37,719 [restartedMain] INFO  o.s.j.e.a.AnnotationMBeanExporter 433 - Registering beans for JMX exposure on startup
2018-05-24 15:01:37,721 [restartedMain] INFO  o.s.j.e.a.AnnotationMBeanExporter 895 - Bean with name 'dataSource' has been autodetected for JMX exposure
2018-05-24 15:01:37,726 [restartedMain] INFO  o.s.j.e.a.AnnotationMBeanExporter 668 - Located MBean 'dataSource': registering with JMX server as MBean [com.zaxxer.hikari:name=dataSource,type=HikariDataSource]
2018-05-24 15:01:37,762 [restartedMain] INFO  o.a.coyote.http11.Http11NioProtocol 180 - Starting ProtocolHandler ["http-nio-2018"]
2018-05-24 15:01:37,773 [restartedMain] INFO  o.a.tomcat.util.net.NioSelectorPool 180 - Using a shared selector for servlet write/read
2018-05-24 15:01:37,789 [restartedMain] INFO  o.s.b.w.e.tomcat.TomcatWebServer 206 - Tomcat started on port(s): 2018 (http) with context path ''
2018-05-24 15:01:37,796 [restartedMain] INFO  c.w.HellospringbootApplication 59 - Started HellospringbootApplication in 10.389 seconds (JVM running for 14.753)
2018-05-24 15:04:46,725 [http-nio-2018-exec-1] INFO  o.a.c.c.C.[Tomcat].[localhost].[/] 180 - Initializing Spring FrameworkServlet 'dispatcherServlet'
2018-05-24 15:04:46,726 [http-nio-2018-exec-1] INFO  o.s.web.servlet.DispatcherServlet 494 - FrameworkServlet 'dispatcherServlet': initialization started
2018-05-24 15:04:46,746 [http-nio-2018-exec-1] INFO  o.s.web.servlet.DispatcherServlet 509 - FrameworkServlet 'dispatcherServlet': initialization completed in 20 ms
2018-05-24 16:01:52,857 [restartedMain] INFO  c.w.HellospringbootApplication 50 - Starting HellospringbootApplication on DESKTOP-API2B13 with PID 13472 (D:\idea-workspace\hellospringboot\target\classes started by lenovo in D:\idea-workspace\hellospringboot)
2018-05-24 16:01:52,859 [restartedMain] INFO  c.w.HellospringbootApplication 663 - The following profiles are active: datasource
2018-05-24 16:01:52,920 [restartedMain] INFO  o.s.b.w.s.c.AnnotationConfigServletWebServerApplicationContext 590 - Refreshing org.springframework.boot.web.servlet.context.AnnotationConfigServletWebServerApplicationContext@21a819a9: startup date [Thu May 24 16:01:52 CST 2018]; root of context hierarchy
2018-05-24 16:01:54,179 [restartedMain] INFO  o.s.c.s.PostProcessorRegistrationDelegate$BeanPostProcessorChecker 328 - Bean 'org.springframework.transaction.annotation.ProxyTransactionManagementConfiguration' of type [org.springframework.transaction.annotation.ProxyTransactionManagementConfiguration$$EnhancerBySpringCGLIB$$dc500628] is not eligible for getting processed by all BeanPostProcessors (for example: not eligible for auto-proxying)
2018-05-24 16:01:54,649 [restartedMain] INFO  o.s.b.w.e.tomcat.TomcatWebServer 91 - Tomcat initialized with port(s): 2018 (http)
2018-05-24 16:01:54,662 [restartedMain] INFO  o.a.coyote.http11.Http11NioProtocol 180 - Initializing ProtocolHandler ["http-nio-2018"]
2018-05-24 16:01:54,690 [restartedMain] INFO  o.a.catalina.core.StandardService 180 - Starting service [Tomcat]
2018-05-24 16:01:54,690 [restartedMain] INFO  o.a.catalina.core.StandardEngine 180 - Starting Servlet Engine: Apache Tomcat/8.5.31
2018-05-24 16:01:54,701 [localhost-startStop-1] INFO  o.a.c.core.AprLifecycleListener 180 - The APR based Apache Tomcat Native library which allows optimal performance in production environments was not found on the java.library.path: [C:\Program Files\Java\jdk-10.0.1\bin;C:\WINDOWS\Sun\Java\bin;C:\WINDOWS\system32;C:\WINDOWS;C:\Program Files (x86)\Common Files\Oracle\Java\javapath;C:\Program Files\Java\jdk1.8.0_144\bin;C:\Program Files\Java\jdk1.8.0_144\jre\bin;C:\ProgramData\Oracle\Java\javapath;C:\WINDOWS\system32;C:\WINDOWS;C:\WINDOWS\System32\Wbem;C:\WINDOWS\System32\WindowsPowerShell\v1.0\;D:\apache-maven-3.2.1-bin\bin;C:\Program Files\TortoiseSVN\bin;D:\luaforw\5.1;D:\luaforw\5.1\clibs;C:\Users\lenovo\AppData\Local\Microsoft\WindowsApps;C:\Users\lenovo\AppData\Local\GitHubDesktop\bin;.]
2018-05-24 16:01:54,811 [localhost-startStop-1] INFO  o.a.c.c.C.[Tomcat].[localhost].[/] 180 - Initializing Spring embedded WebApplicationContext
2018-05-24 16:01:54,811 [localhost-startStop-1] INFO  o.s.web.context.ContextLoader 285 - Root WebApplicationContext: initialization completed in 1891 ms
2018-05-24 16:01:54,961 [localhost-startStop-1] INFO  o.s.b.w.s.ServletRegistrationBean 185 - Servlet dispatcherServlet mapped to [/]
2018-05-24 16:01:54,962 [localhost-startStop-1] INFO  o.s.b.w.s.ServletRegistrationBean 185 - Servlet com.wxywizard.config.DruidStatViewServlet mapped to [/druid/*]
2018-05-24 16:01:54,965 [localhost-startStop-1] INFO  o.s.b.w.s.FilterRegistrationBean 244 - Mapping filter: 'characterEncodingFilter' to: [/*]
2018-05-24 16:01:54,965 [localhost-startStop-1] INFO  o.s.b.w.s.FilterRegistrationBean 244 - Mapping filter: 'hiddenHttpMethodFilter' to: [/*]
2018-05-24 16:01:54,965 [localhost-startStop-1] INFO  o.s.b.w.s.FilterRegistrationBean 244 - Mapping filter: 'httpPutFormContentFilter' to: [/*]
2018-05-24 16:01:54,966 [localhost-startStop-1] INFO  o.s.b.w.s.FilterRegistrationBean 244 - Mapping filter: 'requestContextFilter' to: [/*]
2018-05-24 16:01:54,966 [localhost-startStop-1] INFO  o.s.b.w.s.FilterRegistrationBean 257 - Mapping filter: 'druidWebStatFilter' to urls: [/*]
2018-05-24 16:01:55,191 [restartedMain] INFO  c.alibaba.druid.pool.DruidDataSource 928 - {dataSource-1} inited
2018-05-24 16:01:55,827 [restartedMain] INFO  o.s.o.j.LocalContainerEntityManagerFactoryBean 361 - Building JPA container EntityManagerFactory for persistence unit 'default'
2018-05-24 16:01:55,851 [restartedMain] INFO  o.h.jpa.internal.util.LogHelper 31 - HHH000204: Processing PersistenceUnitInfo [
	name: default
	...]
2018-05-24 16:01:55,967 [restartedMain] INFO  org.hibernate.Version 45 - HHH000412: Hibernate Core {5.2.17.Final}
2018-05-24 16:01:55,969 [restartedMain] INFO  org.hibernate.cfg.Environment 213 - HHH000206: hibernate.properties not found
2018-05-24 16:01:56,043 [restartedMain] INFO  o.h.annotations.common.Version 66 - HCANN000001: Hibernate Commons Annotations {5.0.1.Final}
2018-05-24 16:01:56,200 [restartedMain] INFO  org.hibernate.dialect.Dialect 157 - HHH000400: Using dialect: org.hibernate.dialect.MySQL5Dialect
2018-05-24 16:01:56,345 [restartedMain] WARN  org.hibernate.id.UUIDHexGenerator 42 - HHH000409: Using org.hibernate.id.UUIDHexGenerator which does not generate IETF RFC 4122 compliant UUID values; consider using org.hibernate.id.UUIDGenerator instead
2018-05-24 16:01:56,785 [restartedMain] INFO  o.s.o.j.LocalContainerEntityManagerFactoryBean 415 - Initialized JPA EntityManagerFactory for persistence unit 'default'
2018-05-24 16:01:57,141 [restartedMain] INFO  o.s.w.s.h.SimpleUrlHandlerMapping 373 - Mapped URL path [/**/favicon.ico] onto handler of type [class org.springframework.web.servlet.resource.ResourceHttpRequestHandler]
2018-05-24 16:01:57,361 [restartedMain] INFO  o.s.w.s.m.m.a.RequestMappingHandlerAdapter 574 - Looking for @ControllerAdvice: org.springframework.boot.web.servlet.context.AnnotationConfigServletWebServerApplicationContext@21a819a9: startup date [Thu May 24 16:01:52 CST 2018]; root of context hierarchy
2018-05-24 16:01:57,392 [restartedMain] WARN  o.s.b.a.o.j.JpaBaseConfiguration$JpaWebConfiguration$JpaWebMvcConfiguration 235 - spring.jpa.open-in-view is enabled by default. Therefore, database queries may be performed during view rendering. Explicitly configure spring.jpa.open-in-view to disable this warning
2018-05-24 16:01:57,427 [restartedMain] INFO  o.s.w.s.m.m.a.RequestMappingHandlerMapping 547 - Mapped "{[/test/{id}],methods=[GET]}" onto public java.lang.String com.wxywizard.controller.Controller.test(java.lang.String)
2018-05-24 16:01:57,427 [restartedMain] INFO  o.s.w.s.m.m.a.RequestMappingHandlerMapping 547 - Mapped "{[/girls],methods=[GET]}" onto public java.util.List<com.wxywizard.domain.Girl> com.wxywizard.controller.Controller.listGirl()
2018-05-24 16:01:57,428 [restartedMain] INFO  o.s.w.s.m.m.a.RequestMappingHandlerMapping 547 - Mapped "{[/girls],methods=[POST]}" onto public com.wxywizard.domain.Girl com.wxywizard.controller.Controller.saveGirl(java.lang.String,java.lang.Integer)
2018-05-24 16:01:57,428 [restartedMain] INFO  o.s.w.s.m.m.a.RequestMappingHandlerMapping 547 - Mapped "{[/girls/{id}],methods=[GET]}" onto public java.util.Optional<com.wxywizard.domain.Girl> com.wxywizard.controller.Controller.girlFindOne(java.lang.String)
2018-05-24 16:01:57,428 [restartedMain] INFO  o.s.w.s.m.m.a.RequestMappingHandlerMapping 547 - Mapped "{[/girls/{id}],methods=[PUT]}" onto public com.wxywizard.domain.Girl com.wxywizard.controller.Controller.updateGirl(java.lang.String,java.lang.String,java.lang.Integer)
2018-05-24 16:01:57,428 [restartedMain] INFO  o.s.w.s.m.m.a.RequestMappingHandlerMapping 547 - Mapped "{[/girls/{id}],methods=[DELETE]}" onto public void com.wxywizard.controller.Controller.deleteGirl(java.lang.String)
2018-05-24 16:01:57,430 [restartedMain] INFO  o.s.w.s.m.m.a.RequestMappingHandlerMapping 547 - Mapped "{[/error]}" onto public org.springframework.http.ResponseEntity<java.util.Map<java.lang.String, java.lang.Object>> org.springframework.boot.autoconfigure.web.servlet.error.BasicErrorController.error(javax.servlet.http.HttpServletRequest)
2018-05-24 16:01:57,430 [restartedMain] INFO  o.s.w.s.m.m.a.RequestMappingHandlerMapping 547 - Mapped "{[/error],produces=[text/html]}" onto public org.springframework.web.servlet.ModelAndView org.springframework.boot.autoconfigure.web.servlet.error.BasicErrorController.errorHtml(javax.servlet.http.HttpServletRequest,javax.servlet.http.HttpServletResponse)
2018-05-24 16:01:57,456 [restartedMain] INFO  o.s.w.s.h.SimpleUrlHandlerMapping 373 - Mapped URL path [/webjars/**] onto handler of type [class org.springframework.web.servlet.resource.ResourceHttpRequestHandler]
2018-05-24 16:01:57,457 [restartedMain] INFO  o.s.w.s.h.SimpleUrlHandlerMapping 373 - Mapped URL path [/**] onto handler of type [class org.springframework.web.servlet.resource.ResourceHttpRequestHandler]
2018-05-24 16:01:57,739 [restartedMain] INFO  o.s.b.d.a.OptionalLiveReloadServer 57 - LiveReload server is running on port 35729
2018-05-24 16:01:57,770 [restartedMain] INFO  o.s.j.e.a.AnnotationMBeanExporter 433 - Registering beans for JMX exposure on startup
2018-05-24 16:01:57,772 [restartedMain] INFO  o.s.j.e.a.AnnotationMBeanExporter 895 - Bean with name 'dataSource' has been autodetected for JMX exposure
2018-05-24 16:01:57,777 [restartedMain] INFO  o.s.j.e.a.AnnotationMBeanExporter 668 - Located MBean 'dataSource': registering with JMX server as MBean [com.alibaba.druid.pool:name=dataSource,type=DruidDataSource]
2018-05-24 16:01:57,787 [restartedMain] INFO  o.a.coyote.http11.Http11NioProtocol 180 - Starting ProtocolHandler ["http-nio-2018"]
2018-05-24 16:01:57,798 [restartedMain] INFO  o.a.tomcat.util.net.NioSelectorPool 180 - Using a shared selector for servlet write/read
2018-05-24 16:01:57,810 [restartedMain] INFO  o.s.b.w.e.tomcat.TomcatWebServer 206 - Tomcat started on port(s): 2018 (http) with context path ''
2018-05-24 16:01:57,812 [restartedMain] INFO  c.w.HellospringbootApplication 59 - Started HellospringbootApplication in 5.695 seconds (JVM running for 6.585)
2018-05-24 16:02:31,047 [http-nio-2018-exec-5] INFO  o.a.c.c.C.[Tomcat].[localhost].[/] 180 - Initializing Spring FrameworkServlet 'dispatcherServlet'
2018-05-24 16:02:31,047 [http-nio-2018-exec-5] INFO  o.s.web.servlet.DispatcherServlet 494 - FrameworkServlet 'dispatcherServlet': initialization started
2018-05-24 16:02:31,065 [http-nio-2018-exec-5] INFO  o.s.web.servlet.DispatcherServlet 509 - FrameworkServlet 'dispatcherServlet': initialization completed in 18 ms
2018-05-24 16:03:14,378 [Thread-5] INFO  o.s.b.w.s.c.AnnotationConfigServletWebServerApplicationContext 993 - Closing org.springframework.boot.web.servlet.context.AnnotationConfigServletWebServerApplicationContext@21a819a9: startup date [Thu May 24 16:01:52 CST 2018]; root of context hierarchy
2018-05-24 16:03:14,381 [Thread-5] INFO  o.s.j.e.a.AnnotationMBeanExporter 451 - Unregistering JMX-exposed beans on shutdown
2018-05-24 16:03:14,382 [Thread-5] INFO  o.s.j.e.a.AnnotationMBeanExporter 183 - Unregistering JMX-exposed beans
2018-05-24 16:03:14,383 [Thread-5] INFO  o.s.o.j.LocalContainerEntityManagerFactoryBean 597 - Closing JPA EntityManagerFactory for persistence unit 'default'
2018-05-24 16:03:14,388 [Thread-5] INFO  c.alibaba.druid.pool.DruidDataSource 1823 - {dataSource-1} closed
2018-05-24 16:03:14,748 [restartedMain] INFO  c.w.HellospringbootApplication 50 - Starting HellospringbootApplication on DESKTOP-API2B13 with PID 13472 (D:\idea-workspace\hellospringboot\target\classes started by lenovo in D:\idea-workspace\hellospringboot)
2018-05-24 16:03:14,748 [restartedMain] INFO  c.w.HellospringbootApplication 663 - The following profiles are active: datasource
2018-05-24 16:03:14,751 [restartedMain] INFO  o.s.b.w.s.c.AnnotationConfigServletWebServerApplicationContext 590 - Refreshing org.springframework.boot.web.servlet.context.AnnotationConfigServletWebServerApplicationContext@7ccb25f2: startup date [Thu May 24 16:03:14 CST 2018]; root of context hierarchy
2018-05-24 16:03:15,231 [restartedMain] INFO  o.s.c.s.PostProcessorRegistrationDelegate$BeanPostProcessorChecker 328 - Bean 'org.springframework.transaction.annotation.ProxyTransactionManagementConfiguration' of type [org.springframework.transaction.annotation.ProxyTransactionManagementConfiguration$$EnhancerBySpringCGLIB$$dc500628] is not eligible for getting processed by all BeanPostProcessors (for example: not eligible for auto-proxying)
2018-05-24 16:03:15,288 [restartedMain] INFO  o.s.b.w.e.tomcat.TomcatWebServer 91 - Tomcat initialized with port(s): 2018 (http)
2018-05-24 16:03:15,289 [restartedMain] INFO  o.a.coyote.http11.Http11NioProtocol 180 - Initializing ProtocolHandler ["http-nio-2018"]
2018-05-24 16:03:15,290 [restartedMain] INFO  o.a.catalina.core.StandardService 180 - Starting service [Tomcat]
2018-05-24 16:03:15,290 [restartedMain] INFO  o.a.catalina.core.StandardEngine 180 - Starting Servlet Engine: Apache Tomcat/8.5.31
2018-05-24 16:03:15,326 [localhost-startStop-1] INFO  o.a.c.c.C.[Tomcat].[localhost].[/] 180 - Initializing Spring embedded WebApplicationContext
2018-05-24 16:03:15,327 [localhost-startStop-1] INFO  o.s.web.context.ContextLoader 285 - Root WebApplicationContext: initialization completed in 576 ms
2018-05-24 16:03:15,369 [localhost-startStop-1] INFO  o.s.b.w.s.ServletRegistrationBean 185 - Servlet dispatcherServlet mapped to [/]
2018-05-24 16:03:15,370 [localhost-startStop-1] INFO  o.s.b.w.s.ServletRegistrationBean 185 - Servlet com.wxywizard.config.DruidStatViewServlet mapped to [/druid/*]
2018-05-24 16:03:15,370 [localhost-startStop-1] INFO  o.s.b.w.s.FilterRegistrationBean 244 - Mapping filter: 'characterEncodingFilter' to: [/*]
2018-05-24 16:03:15,370 [localhost-startStop-1] INFO  o.s.b.w.s.FilterRegistrationBean 244 - Mapping filter: 'hiddenHttpMethodFilter' to: [/*]
2018-05-24 16:03:15,371 [localhost-startStop-1] INFO  o.s.b.w.s.FilterRegistrationBean 244 - Mapping filter: 'httpPutFormContentFilter' to: [/*]
2018-05-24 16:03:15,371 [localhost-startStop-1] INFO  o.s.b.w.s.FilterRegistrationBean 244 - Mapping filter: 'requestContextFilter' to: [/*]
2018-05-24 16:03:15,371 [localhost-startStop-1] INFO  o.s.b.w.s.FilterRegistrationBean 257 - Mapping filter: 'druidWebStatFilter' to urls: [/*]
2018-05-24 16:03:15,433 [restartedMain] INFO  c.alibaba.druid.pool.DruidDataSource 928 - {dataSource-2} inited
2018-05-24 16:03:15,861 [restartedMain] INFO  o.s.o.j.LocalContainerEntityManagerFactoryBean 361 - Building JPA container EntityManagerFactory for persistence unit 'default'
2018-05-24 16:03:15,861 [restartedMain] INFO  o.h.jpa.internal.util.LogHelper 31 - HHH000204: Processing PersistenceUnitInfo [
	name: default
	...]
2018-05-24 16:03:15,876 [restartedMain] INFO  org.hibernate.dialect.Dialect 157 - HHH000400: Using dialect: org.hibernate.dialect.MySQL5Dialect
2018-05-24 16:03:16,034 [restartedMain] INFO  o.s.o.j.LocalContainerEntityManagerFactoryBean 415 - Initialized JPA EntityManagerFactory for persistence unit 'default'
2018-05-24 16:03:16,089 [restartedMain] INFO  o.s.w.s.h.SimpleUrlHandlerMapping 373 - Mapped URL path [/**/favicon.ico] onto handler of type [class org.springframework.web.servlet.resource.ResourceHttpRequestHandler]
2018-05-24 16:03:16,165 [restartedMain] INFO  o.s.w.s.m.m.a.RequestMappingHandlerAdapter 574 - Looking for @ControllerAdvice: org.springframework.boot.web.servlet.context.AnnotationConfigServletWebServerApplicationContext@7ccb25f2: startup date [Thu May 24 16:03:14 CST 2018]; root of context hierarchy
2018-05-24 16:03:16,171 [restartedMain] WARN  o.s.b.a.o.j.JpaBaseConfiguration$JpaWebConfiguration$JpaWebMvcConfiguration 235 - spring.jpa.open-in-view is enabled by default. Therefore, database queries may be performed during view rendering. Explicitly configure spring.jpa.open-in-view to disable this warning
2018-05-24 16:03:16,176 [restartedMain] INFO  o.s.w.s.m.m.a.RequestMappingHandlerMapping 547 - Mapped "{[/test/{id}],methods=[GET]}" onto public java.lang.String com.wxywizard.controller.Controller.test(java.lang.String)
2018-05-24 16:03:16,177 [restartedMain] INFO  o.s.w.s.m.m.a.RequestMappingHandlerMapping 547 - Mapped "{[/girls],methods=[GET]}" onto public java.util.List<com.wxywizard.domain.Girl> com.wxywizard.controller.Controller.listGirl()
2018-05-24 16:03:16,177 [restartedMain] INFO  o.s.w.s.m.m.a.RequestMappingHandlerMapping 547 - Mapped "{[/girls],methods=[POST]}" onto public com.wxywizard.domain.Girl com.wxywizard.controller.Controller.saveGirl(java.lang.String,java.lang.Integer)
2018-05-24 16:03:16,177 [restartedMain] INFO  o.s.w.s.m.m.a.RequestMappingHandlerMapping 547 - Mapped "{[/girls/{id}],methods=[GET]}" onto public java.util.Optional<com.wxywizard.domain.Girl> com.wxywizard.controller.Controller.girlFindOne(java.lang.String)
2018-05-24 16:03:16,177 [restartedMain] INFO  o.s.w.s.m.m.a.RequestMappingHandlerMapping 547 - Mapped "{[/girls/{id}],methods=[PUT]}" onto public com.wxywizard.domain.Girl com.wxywizard.controller.Controller.updateGirl(java.lang.String,java.lang.String,java.lang.Integer)
2018-05-24 16:03:16,178 [restartedMain] INFO  o.s.w.s.m.m.a.RequestMappingHandlerMapping 547 - Mapped "{[/girls/{id}],methods=[DELETE]}" onto public void com.wxywizard.controller.Controller.deleteGirl(java.lang.String)
2018-05-24 16:03:16,179 [restartedMain] INFO  o.s.w.s.m.m.a.RequestMappingHandlerMapping 547 - Mapped "{[/error]}" onto public org.springframework.http.ResponseEntity<java.util.Map<java.lang.String, java.lang.Object>> org.springframework.boot.autoconfigure.web.servlet.error.BasicErrorController.error(javax.servlet.http.HttpServletRequest)
2018-05-24 16:03:16,180 [restartedMain] INFO  o.s.w.s.m.m.a.RequestMappingHandlerMapping 547 - Mapped "{[/error],produces=[text/html]}" onto public org.springframework.web.servlet.ModelAndView org.springframework.boot.autoconfigure.web.servlet.error.BasicErrorController.errorHtml(javax.servlet.http.HttpServletRequest,javax.servlet.http.HttpServletResponse)
2018-05-24 16:03:16,189 [restartedMain] INFO  o.s.w.s.h.SimpleUrlHandlerMapping 373 - Mapped URL path [/webjars/**] onto handler of type [class org.springframework.web.servlet.resource.ResourceHttpRequestHandler]
2018-05-24 16:03:16,189 [restartedMain] INFO  o.s.w.s.h.SimpleUrlHandlerMapping 373 - Mapped URL path [/**] onto handler of type [class org.springframework.web.servlet.resource.ResourceHttpRequestHandler]
2018-05-24 16:03:16,279 [restartedMain] INFO  o.s.b.d.a.OptionalLiveReloadServer 57 - LiveReload server is running on port 35729
2018-05-24 16:03:16,313 [restartedMain] INFO  o.s.j.e.a.AnnotationMBeanExporter 433 - Registering beans for JMX exposure on startup
2018-05-24 16:03:16,315 [restartedMain] INFO  o.s.j.e.a.AnnotationMBeanExporter 895 - Bean with name 'dataSource' has been autodetected for JMX exposure
2018-05-24 16:03:16,322 [restartedMain] INFO  o.s.j.e.a.AnnotationMBeanExporter 668 - Located MBean 'dataSource': registering with JMX server as MBean [com.alibaba.druid.pool:name=dataSource,type=DruidDataSource]
2018-05-24 16:03:16,326 [restartedMain] INFO  o.a.coyote.http11.Http11NioProtocol 180 - Starting ProtocolHandler ["http-nio-2018"]
2018-05-24 16:03:16,328 [restartedMain] INFO  o.a.tomcat.util.net.NioSelectorPool 180 - Using a shared selector for servlet write/read
2018-05-24 16:03:16,333 [restartedMain] INFO  o.s.b.w.e.tomcat.TomcatWebServer 206 - Tomcat started on port(s): 2018 (http) with context path ''
2018-05-24 16:03:16,335 [restartedMain] INFO  c.w.HellospringbootApplication 59 - Started HellospringbootApplication in 1.633 seconds (JVM running for 85.108)
2018-05-24 16:03:16,339 [restartedMain] INFO  o.s.b.d.a.ConditionEvaluationDeltaLoggingListener 56 - Condition evaluation unchanged
2018-05-24 16:03:23,713 [Thread-9] INFO  o.s.b.w.s.c.AnnotationConfigServletWebServerApplicationContext 993 - Closing org.springframework.boot.web.servlet.context.AnnotationConfigServletWebServerApplicationContext@7ccb25f2: startup date [Thu May 24 16:03:14 CST 2018]; root of context hierarchy
2018-05-24 16:03:23,715 [Thread-9] INFO  o.s.j.e.a.AnnotationMBeanExporter 451 - Unregistering JMX-exposed beans on shutdown
2018-05-24 16:03:23,715 [Thread-9] INFO  o.s.j.e.a.AnnotationMBeanExporter 183 - Unregistering JMX-exposed beans
2018-05-24 16:03:23,716 [Thread-9] INFO  o.s.o.j.LocalContainerEntityManagerFactoryBean 597 - Closing JPA EntityManagerFactory for persistence unit 'default'
2018-05-24 16:03:23,717 [Thread-9] INFO  c.alibaba.druid.pool.DruidDataSource 1823 - {dataSource-2} closed
2018-05-24 16:03:23,960 [restartedMain] INFO  c.w.HellospringbootApplication 50 - Starting HellospringbootApplication on DESKTOP-API2B13 with PID 13472 (D:\idea-workspace\hellospringboot\target\classes started by lenovo in D:\idea-workspace\hellospringboot)
2018-05-24 16:03:23,960 [restartedMain] INFO  c.w.HellospringbootApplication 663 - The following profiles are active: datasource
2018-05-24 16:03:23,968 [restartedMain] INFO  o.s.b.w.s.c.AnnotationConfigServletWebServerApplicationContext 590 - Refreshing org.springframework.boot.web.servlet.context.AnnotationConfigServletWebServerApplicationContext@58bb2c37: startup date [Thu May 24 16:03:23 CST 2018]; root of context hierarchy
2018-05-24 16:03:24,543 [restartedMain] INFO  o.s.c.s.PostProcessorRegistrationDelegate$BeanPostProcessorChecker 328 - Bean 'org.springframework.transaction.annotation.ProxyTransactionManagementConfiguration' of type [org.springframework.transaction.annotation.ProxyTransactionManagementConfiguration$$EnhancerBySpringCGLIB$$dc500628] is not eligible for getting processed by all BeanPostProcessors (for example: not eligible for auto-proxying)
2018-05-24 16:03:24,598 [restartedMain] INFO  o.s.b.w.e.tomcat.TomcatWebServer 91 - Tomcat initialized with port(s): 2018 (http)
2018-05-24 16:03:24,599 [restartedMain] INFO  o.a.coyote.http11.Http11NioProtocol 180 - Initializing ProtocolHandler ["http-nio-2018"]
2018-05-24 16:03:24,599 [restartedMain] INFO  o.a.catalina.core.StandardService 180 - Starting service [Tomcat]
2018-05-24 16:03:24,600 [restartedMain] INFO  o.a.catalina.core.StandardEngine 180 - Starting Servlet Engine: Apache Tomcat/8.5.31
2018-05-24 16:03:24,640 [localhost-startStop-1] INFO  o.a.c.c.C.[Tomcat].[localhost].[/] 180 - Initializing Spring embedded WebApplicationContext
2018-05-24 16:03:24,641 [localhost-startStop-1] INFO  o.s.web.context.ContextLoader 285 - Root WebApplicationContext: initialization completed in 673 ms
2018-05-24 16:03:24,687 [localhost-startStop-1] INFO  o.s.b.w.s.ServletRegistrationBean 185 - Servlet dispatcherServlet mapped to [/]
2018-05-24 16:03:24,688 [localhost-startStop-1] INFO  o.s.b.w.s.ServletRegistrationBean 185 - Servlet com.wxywizard.config.DruidStatViewServlet mapped to [/druid/*]
2018-05-24 16:03:24,688 [localhost-startStop-1] INFO  o.s.b.w.s.FilterRegistrationBean 244 - Mapping filter: 'characterEncodingFilter' to: [/*]
2018-05-24 16:03:24,688 [localhost-startStop-1] INFO  o.s.b.w.s.FilterRegistrationBean 244 - Mapping filter: 'hiddenHttpMethodFilter' to: [/*]
2018-05-24 16:03:24,688 [localhost-startStop-1] INFO  o.s.b.w.s.FilterRegistrationBean 244 - Mapping filter: 'httpPutFormContentFilter' to: [/*]
2018-05-24 16:03:24,688 [localhost-startStop-1] INFO  o.s.b.w.s.FilterRegistrationBean 244 - Mapping filter: 'requestContextFilter' to: [/*]
2018-05-24 16:03:24,689 [localhost-startStop-1] INFO  o.s.b.w.s.FilterRegistrationBean 257 - Mapping filter: 'druidWebStatFilter' to urls: [/*]
2018-05-24 16:03:24,741 [restartedMain] INFO  c.alibaba.druid.pool.DruidDataSource 928 - {dataSource-3} inited
2018-05-24 16:03:25,159 [restartedMain] INFO  o.s.o.j.LocalContainerEntityManagerFactoryBean 361 - Building JPA container EntityManagerFactory for persistence unit 'default'
2018-05-24 16:03:25,159 [restartedMain] INFO  o.h.jpa.internal.util.LogHelper 31 - HHH000204: Processing PersistenceUnitInfo [
	name: default
	...]
2018-05-24 16:03:25,165 [restartedMain] INFO  org.hibernate.dialect.Dialect 157 - HHH000400: Using dialect: org.hibernate.dialect.MySQL5Dialect
2018-05-24 16:03:25,309 [restartedMain] INFO  o.s.o.j.LocalContainerEntityManagerFactoryBean 415 - Initialized JPA EntityManagerFactory for persistence unit 'default'
2018-05-24 16:03:25,357 [restartedMain] INFO  o.s.w.s.h.SimpleUrlHandlerMapping 373 - Mapped URL path [/**/favicon.ico] onto handler of type [class org.springframework.web.servlet.resource.ResourceHttpRequestHandler]
2018-05-24 16:03:25,418 [restartedMain] INFO  o.s.w.s.m.m.a.RequestMappingHandlerAdapter 574 - Looking for @ControllerAdvice: org.springframework.boot.web.servlet.context.AnnotationConfigServletWebServerApplicationContext@58bb2c37: startup date [Thu May 24 16:03:23 CST 2018]; root of context hierarchy
2018-05-24 16:03:25,422 [restartedMain] WARN  o.s.b.a.o.j.JpaBaseConfiguration$JpaWebConfiguration$JpaWebMvcConfiguration 235 - spring.jpa.open-in-view is enabled by default. Therefore, database queries may be performed during view rendering. Explicitly configure spring.jpa.open-in-view to disable this warning
2018-05-24 16:03:25,427 [restartedMain] INFO  o.s.w.s.m.m.a.RequestMappingHandlerMapping 547 - Mapped "{[/test/{id}],methods=[GET]}" onto public java.lang.String com.wxywizard.controller.Controller.test(java.lang.String)
2018-05-24 16:03:25,428 [restartedMain] INFO  o.s.w.s.m.m.a.RequestMappingHandlerMapping 547 - Mapped "{[/girls],methods=[GET]}" onto public java.util.List<com.wxywizard.domain.Girl> com.wxywizard.controller.Controller.listGirl()
2018-05-24 16:03:25,428 [restartedMain] INFO  o.s.w.s.m.m.a.RequestMappingHandlerMapping 547 - Mapped "{[/girls],methods=[POST]}" onto public com.wxywizard.domain.Girl com.wxywizard.controller.Controller.saveGirl(java.lang.String,java.lang.Integer)
2018-05-24 16:03:25,428 [restartedMain] INFO  o.s.w.s.m.m.a.RequestMappingHandlerMapping 547 - Mapped "{[/girls/{id}],methods=[GET]}" onto public java.util.Optional<com.wxywizard.domain.Girl> com.wxywizard.controller.Controller.girlFindOne(java.lang.String)
2018-05-24 16:03:25,429 [restartedMain] INFO  o.s.w.s.m.m.a.RequestMappingHandlerMapping 547 - Mapped "{[/girls/{id}],methods=[PUT]}" onto public com.wxywizard.domain.Girl com.wxywizard.controller.Controller.updateGirl(java.lang.String,java.lang.String,java.lang.Integer)
2018-05-24 16:03:25,429 [restartedMain] INFO  o.s.w.s.m.m.a.RequestMappingHandlerMapping 547 - Mapped "{[/girls/{id}],methods=[DELETE]}" onto public void com.wxywizard.controller.Controller.deleteGirl(java.lang.String)
2018-05-24 16:03:25,430 [restartedMain] INFO  o.s.w.s.m.m.a.RequestMappingHandlerMapping 547 - Mapped "{[/error]}" onto public org.springframework.http.ResponseEntity<java.util.Map<java.lang.String, java.lang.Object>> org.springframework.boot.autoconfigure.web.servlet.error.BasicErrorController.error(javax.servlet.http.HttpServletRequest)
2018-05-24 16:03:25,430 [restartedMain] INFO  o.s.w.s.m.m.a.RequestMappingHandlerMapping 547 - Mapped "{[/error],produces=[text/html]}" onto public org.springframework.web.servlet.ModelAndView org.springframework.boot.autoconfigure.web.servlet.error.BasicErrorController.errorHtml(javax.servlet.http.HttpServletRequest,javax.servlet.http.HttpServletResponse)
2018-05-24 16:03:25,438 [restartedMain] INFO  o.s.w.s.h.SimpleUrlHandlerMapping 373 - Mapped URL path [/webjars/**] onto handler of type [class org.springframework.web.servlet.resource.ResourceHttpRequestHandler]
2018-05-24 16:03:25,438 [restartedMain] INFO  o.s.w.s.h.SimpleUrlHandlerMapping 373 - Mapped URL path [/**] onto handler of type [class org.springframework.web.servlet.resource.ResourceHttpRequestHandler]
2018-05-24 16:03:25,495 [restartedMain] INFO  o.s.b.d.a.OptionalLiveReloadServer 57 - LiveReload server is running on port 35729
2018-05-24 16:03:25,515 [restartedMain] INFO  o.s.j.e.a.AnnotationMBeanExporter 433 - Registering beans for JMX exposure on startup
2018-05-24 16:03:25,516 [restartedMain] INFO  o.s.j.e.a.AnnotationMBeanExporter 895 - Bean with name 'dataSource' has been autodetected for JMX exposure
2018-05-24 16:03:25,518 [restartedMain] INFO  o.s.j.e.a.AnnotationMBeanExporter 668 - Located MBean 'dataSource': registering with JMX server as MBean [com.alibaba.druid.pool:name=dataSource,type=DruidDataSource]
2018-05-24 16:03:25,521 [restartedMain] INFO  o.a.coyote.http11.Http11NioProtocol 180 - Starting ProtocolHandler ["http-nio-2018"]
2018-05-24 16:03:25,522 [restartedMain] INFO  o.a.tomcat.util.net.NioSelectorPool 180 - Using a shared selector for servlet write/read
2018-05-24 16:03:25,526 [restartedMain] INFO  o.s.b.w.e.tomcat.TomcatWebServer 206 - Tomcat started on port(s): 2018 (http) with context path ''
2018-05-24 16:03:25,528 [restartedMain] INFO  c.w.HellospringbootApplication 59 - Started HellospringbootApplication in 1.635 seconds (JVM running for 94.301)
2018-05-24 16:03:25,531 [restartedMain] INFO  o.s.b.d.a.ConditionEvaluationDeltaLoggingListener 56 - Condition evaluation unchanged
2018-05-24 16:03:28,924 [Thread-15] INFO  o.s.b.w.s.c.AnnotationConfigServletWebServerApplicationContext 993 - Closing org.springframework.boot.web.servlet.context.AnnotationConfigServletWebServerApplicationContext@58bb2c37: startup date [Thu May 24 16:03:23 CST 2018]; root of context hierarchy
2018-05-24 16:03:28,925 [Thread-15] INFO  o.s.j.e.a.AnnotationMBeanExporter 451 - Unregistering JMX-exposed beans on shutdown
2018-05-24 16:03:28,926 [Thread-15] INFO  o.s.j.e.a.AnnotationMBeanExporter 183 - Unregistering JMX-exposed beans
2018-05-24 16:03:28,926 [Thread-15] INFO  o.s.o.j.LocalContainerEntityManagerFactoryBean 597 - Closing JPA EntityManagerFactory for persistence unit 'default'
2018-05-24 16:03:28,927 [Thread-15] INFO  c.alibaba.druid.pool.DruidDataSource 1823 - {dataSource-3} closed
2018-05-24 16:03:29,180 [restartedMain] INFO  c.w.HellospringbootApplication 50 - Starting HellospringbootApplication on DESKTOP-API2B13 with PID 13472 (D:\idea-workspace\hellospringboot\target\classes started by lenovo in D:\idea-workspace\hellospringboot)
2018-05-24 16:03:29,181 [restartedMain] INFO  c.w.HellospringbootApplication 663 - The following profiles are active: datasource
2018-05-24 16:03:29,184 [restartedMain] INFO  o.s.b.w.s.c.AnnotationConfigServletWebServerApplicationContext 590 - Refreshing org.springframework.boot.web.servlet.context.AnnotationConfigServletWebServerApplicationContext@24a219bf: startup date [Thu May 24 16:03:29 CST 2018]; root of context hierarchy
2018-05-24 16:03:29,844 [restartedMain] INFO  o.s.c.s.PostProcessorRegistrationDelegate$BeanPostProcessorChecker 328 - Bean 'org.springframework.transaction.annotation.ProxyTransactionManagementConfiguration' of type [org.springframework.transaction.annotation.ProxyTransactionManagementConfiguration$$EnhancerBySpringCGLIB$$dc500628] is not eligible for getting processed by all BeanPostProcessors (for example: not eligible for auto-proxying)
2018-05-24 16:03:29,901 [restartedMain] INFO  o.s.b.w.e.tomcat.TomcatWebServer 91 - Tomcat initialized with port(s): 2018 (http)
2018-05-24 16:03:29,914 [restartedMain] INFO  o.a.coyote.http11.Http11NioProtocol 180 - Initializing ProtocolHandler ["http-nio-2018"]
2018-05-24 16:03:29,915 [restartedMain] INFO  o.a.catalina.core.StandardService 180 - Starting service [Tomcat]
2018-05-24 16:03:29,915 [restartedMain] INFO  o.a.catalina.core.StandardEngine 180 - Starting Servlet Engine: Apache Tomcat/8.5.31
2018-05-24 16:03:29,944 [localhost-startStop-1] INFO  o.a.c.c.C.[Tomcat].[localhost].[/] 180 - Initializing Spring embedded WebApplicationContext
2018-05-24 16:03:29,945 [localhost-startStop-1] INFO  o.s.web.context.ContextLoader 285 - Root WebApplicationContext: initialization completed in 761 ms
2018-05-24 16:03:29,981 [localhost-startStop-1] INFO  o.s.b.w.s.ServletRegistrationBean 185 - Servlet dispatcherServlet mapped to [/]
2018-05-24 16:03:29,981 [localhost-startStop-1] INFO  o.s.b.w.s.ServletRegistrationBean 185 - Servlet com.wxywizard.config.DruidStatViewServlet mapped to [/druid/*]
2018-05-24 16:03:29,982 [localhost-startStop-1] INFO  o.s.b.w.s.FilterRegistrationBean 244 - Mapping filter: 'characterEncodingFilter' to: [/*]
2018-05-24 16:03:29,982 [localhost-startStop-1] INFO  o.s.b.w.s.FilterRegistrationBean 244 - Mapping filter: 'hiddenHttpMethodFilter' to: [/*]
2018-05-24 16:03:29,982 [localhost-startStop-1] INFO  o.s.b.w.s.FilterRegistrationBean 244 - Mapping filter: 'httpPutFormContentFilter' to: [/*]
2018-05-24 16:03:29,982 [localhost-startStop-1] INFO  o.s.b.w.s.FilterRegistrationBean 244 - Mapping filter: 'requestContextFilter' to: [/*]
2018-05-24 16:03:29,982 [localhost-startStop-1] INFO  o.s.b.w.s.FilterRegistrationBean 257 - Mapping filter: 'druidWebStatFilter' to urls: [/*]
2018-05-24 16:03:30,035 [restartedMain] INFO  c.alibaba.druid.pool.DruidDataSource 928 - {dataSource-4} inited
2018-05-24 16:03:30,432 [restartedMain] INFO  o.s.o.j.LocalContainerEntityManagerFactoryBean 361 - Building JPA container EntityManagerFactory for persistence unit 'default'
2018-05-24 16:03:30,433 [restartedMain] INFO  o.h.jpa.internal.util.LogHelper 31 - HHH000204: Processing PersistenceUnitInfo [
	name: default
	...]
2018-05-24 16:03:30,438 [restartedMain] INFO  org.hibernate.dialect.Dialect 157 - HHH000400: Using dialect: org.hibernate.dialect.MySQL5Dialect
2018-05-24 16:03:30,573 [restartedMain] INFO  o.s.o.j.LocalContainerEntityManagerFactoryBean 415 - Initialized JPA EntityManagerFactory for persistence unit 'default'
2018-05-24 16:03:30,618 [restartedMain] INFO  o.s.w.s.h.SimpleUrlHandlerMapping 373 - Mapped URL path [/**/favicon.ico] onto handler of type [class org.springframework.web.servlet.resource.ResourceHttpRequestHandler]
2018-05-24 16:03:30,669 [restartedMain] INFO  o.s.w.s.m.m.a.RequestMappingHandlerAdapter 574 - Looking for @ControllerAdvice: org.springframework.boot.web.servlet.context.AnnotationConfigServletWebServerApplicationContext@24a219bf: startup date [Thu May 24 16:03:29 CST 2018]; root of context hierarchy
2018-05-24 16:03:30,677 [restartedMain] WARN  o.s.b.a.o.j.JpaBaseConfiguration$JpaWebConfiguration$JpaWebMvcConfiguration 235 - spring.jpa.open-in-view is enabled by default. Therefore, database queries may be performed during view rendering. Explicitly configure spring.jpa.open-in-view to disable this warning
2018-05-24 16:03:30,682 [restartedMain] INFO  o.s.w.s.m.m.a.RequestMappingHandlerMapping 547 - Mapped "{[/test/{id}],methods=[GET]}" onto public java.lang.String com.wxywizard.controller.Controller.test(java.lang.String)
2018-05-24 16:03:30,682 [restartedMain] INFO  o.s.w.s.m.m.a.RequestMappingHandlerMapping 547 - Mapped "{[/girls],methods=[GET]}" onto public java.util.List<com.wxywizard.domain.Girl> com.wxywizard.controller.Controller.listGirl()
2018-05-24 16:03:30,683 [restartedMain] INFO  o.s.w.s.m.m.a.RequestMappingHandlerMapping 547 - Mapped "{[/girls],methods=[POST]}" onto public com.wxywizard.domain.Girl com.wxywizard.controller.Controller.saveGirl(java.lang.String,java.lang.Integer)
2018-05-24 16:03:30,683 [restartedMain] INFO  o.s.w.s.m.m.a.RequestMappingHandlerMapping 547 - Mapped "{[/girls/{id}],methods=[GET]}" onto public java.util.Optional<com.wxywizard.domain.Girl> com.wxywizard.controller.Controller.girlFindOne(java.lang.String)
2018-05-24 16:03:30,683 [restartedMain] INFO  o.s.w.s.m.m.a.RequestMappingHandlerMapping 547 - Mapped "{[/girls/{id}],methods=[PUT]}" onto public com.wxywizard.domain.Girl com.wxywizard.controller.Controller.updateGirl(java.lang.String,java.lang.String,java.lang.Integer)
2018-05-24 16:03:30,683 [restartedMain] INFO  o.s.w.s.m.m.a.RequestMappingHandlerMapping 547 - Mapped "{[/girls/{id}],methods=[DELETE]}" onto public void com.wxywizard.controller.Controller.deleteGirl(java.lang.String)
2018-05-24 16:03:30,685 [restartedMain] INFO  o.s.w.s.m.m.a.RequestMappingHandlerMapping 547 - Mapped "{[/error]}" onto public org.springframework.http.ResponseEntity<java.util.Map<java.lang.String, java.lang.Object>> org.springframework.boot.autoconfigure.web.servlet.error.BasicErrorController.error(javax.servlet.http.HttpServletRequest)
2018-05-24 16:03:30,685 [restartedMain] INFO  o.s.w.s.m.m.a.RequestMappingHandlerMapping 547 - Mapped "{[/error],produces=[text/html]}" onto public org.springframework.web.servlet.ModelAndView org.springframework.boot.autoconfigure.web.servlet.error.BasicErrorController.errorHtml(javax.servlet.http.HttpServletRequest,javax.servlet.http.HttpServletResponse)
2018-05-24 16:03:30,698 [restartedMain] INFO  o.s.w.s.h.SimpleUrlHandlerMapping 373 - Mapped URL path [/webjars/**] onto handler of type [class org.springframework.web.servlet.resource.ResourceHttpRequestHandler]
2018-05-24 16:03:30,699 [restartedMain] INFO  o.s.w.s.h.SimpleUrlHandlerMapping 373 - Mapped URL path [/**] onto handler of type [class org.springframework.web.servlet.resource.ResourceHttpRequestHandler]
2018-05-24 16:03:30,775 [restartedMain] INFO  o.s.b.d.a.OptionalLiveReloadServer 57 - LiveReload server is running on port 35729
2018-05-24 16:03:30,799 [restartedMain] INFO  o.s.j.e.a.AnnotationMBeanExporter 433 - Registering beans for JMX exposure on startup
2018-05-24 16:03:30,800 [restartedMain] INFO  o.s.j.e.a.AnnotationMBeanExporter 895 - Bean with name 'dataSource' has been autodetected for JMX exposure
2018-05-24 16:03:30,803 [restartedMain] INFO  o.s.j.e.a.AnnotationMBeanExporter 668 - Located MBean 'dataSource': registering with JMX server as MBean [com.alibaba.druid.pool:name=dataSource,type=DruidDataSource]
2018-05-24 16:03:30,806 [restartedMain] INFO  o.a.coyote.http11.Http11NioProtocol 180 - Starting ProtocolHandler ["http-nio-2018"]
2018-05-24 16:03:30,807 [restartedMain] INFO  o.a.tomcat.util.net.NioSelectorPool 180 - Using a shared selector for servlet write/read
2018-05-24 16:03:30,811 [restartedMain] INFO  o.s.b.w.e.tomcat.TomcatWebServer 206 - Tomcat started on port(s): 2018 (http) with context path ''
2018-05-24 16:03:30,812 [restartedMain] INFO  c.w.HellospringbootApplication 59 - Started HellospringbootApplication in 1.702 seconds (JVM running for 99.585)
2018-05-24 16:03:30,814 [restartedMain] INFO  o.s.b.d.a.ConditionEvaluationDeltaLoggingListener 56 - Condition evaluation unchanged
2018-05-24 16:03:32,185 [Thread-21] INFO  o.s.b.w.s.c.AnnotationConfigServletWebServerApplicationContext 993 - Closing org.springframework.boot.web.servlet.context.AnnotationConfigServletWebServerApplicationContext@24a219bf: startup date [Thu May 24 16:03:29 CST 2018]; root of context hierarchy
2018-05-24 16:03:32,187 [Thread-21] INFO  o.s.j.e.a.AnnotationMBeanExporter 451 - Unregistering JMX-exposed beans on shutdown
2018-05-24 16:03:32,188 [Thread-21] INFO  o.s.j.e.a.AnnotationMBeanExporter 183 - Unregistering JMX-exposed beans
2018-05-24 16:03:32,188 [Thread-21] INFO  o.s.o.j.LocalContainerEntityManagerFactoryBean 597 - Closing JPA EntityManagerFactory for persistence unit 'default'
2018-05-24 16:03:32,190 [Thread-21] INFO  c.alibaba.druid.pool.DruidDataSource 1823 - {dataSource-4} closed
2018-05-24 16:03:32,442 [restartedMain] INFO  c.w.HellospringbootApplication 50 - Starting HellospringbootApplication on DESKTOP-API2B13 with PID 13472 (D:\idea-workspace\hellospringboot\target\classes started by lenovo in D:\idea-workspace\hellospringboot)
2018-05-24 16:03:32,444 [restartedMain] INFO  c.w.HellospringbootApplication 663 - The following profiles are active: datasource
2018-05-24 16:03:32,449 [restartedMain] INFO  o.s.b.w.s.c.AnnotationConfigServletWebServerApplicationContext 590 - Refreshing org.springframework.boot.web.servlet.context.AnnotationConfigServletWebServerApplicationContext@5a85f45c: startup date [Thu May 24 16:03:32 CST 2018]; root of context hierarchy
2018-05-24 16:03:33,016 [restartedMain] INFO  o.s.c.s.PostProcessorRegistrationDelegate$BeanPostProcessorChecker 328 - Bean 'org.springframework.transaction.annotation.ProxyTransactionManagementConfiguration' of type [org.springframework.transaction.annotation.ProxyTransactionManagementConfiguration$$EnhancerBySpringCGLIB$$dc500628] is not eligible for getting processed by all BeanPostProcessors (for example: not eligible for auto-proxying)
2018-05-24 16:03:33,077 [restartedMain] INFO  o.s.b.w.e.tomcat.TomcatWebServer 91 - Tomcat initialized with port(s): 2018 (http)
2018-05-24 16:03:33,078 [restartedMain] INFO  o.a.coyote.http11.Http11NioProtocol 180 - Initializing ProtocolHandler ["http-nio-2018"]
2018-05-24 16:03:33,078 [restartedMain] INFO  o.a.catalina.core.StandardService 180 - Starting service [Tomcat]
2018-05-24 16:03:33,078 [restartedMain] INFO  o.a.catalina.core.StandardEngine 180 - Starting Servlet Engine: Apache Tomcat/8.5.31
2018-05-24 16:03:33,112 [localhost-startStop-1] INFO  o.a.c.c.C.[Tomcat].[localhost].[/] 180 - Initializing Spring embedded WebApplicationContext
2018-05-24 16:03:33,113 [localhost-startStop-1] INFO  o.s.web.context.ContextLoader 285 - Root WebApplicationContext: initialization completed in 663 ms
2018-05-24 16:03:33,146 [localhost-startStop-1] INFO  o.s.b.w.s.ServletRegistrationBean 185 - Servlet dispatcherServlet mapped to [/]
2018-05-24 16:03:33,146 [localhost-startStop-1] INFO  o.s.b.w.s.ServletRegistrationBean 185 - Servlet com.wxywizard.config.DruidStatViewServlet mapped to [/druid/*]
2018-05-24 16:03:33,147 [localhost-startStop-1] INFO  o.s.b.w.s.FilterRegistrationBean 244 - Mapping filter: 'characterEncodingFilter' to: [/*]
2018-05-24 16:03:33,147 [localhost-startStop-1] INFO  o.s.b.w.s.FilterRegistrationBean 244 - Mapping filter: 'hiddenHttpMethodFilter' to: [/*]
2018-05-24 16:03:33,147 [localhost-startStop-1] INFO  o.s.b.w.s.FilterRegistrationBean 244 - Mapping filter: 'httpPutFormContentFilter' to: [/*]
2018-05-24 16:03:33,147 [localhost-startStop-1] INFO  o.s.b.w.s.FilterRegistrationBean 244 - Mapping filter: 'requestContextFilter' to: [/*]
2018-05-24 16:03:33,147 [localhost-startStop-1] INFO  o.s.b.w.s.FilterRegistrationBean 257 - Mapping filter: 'druidWebStatFilter' to urls: [/*]
2018-05-24 16:03:33,190 [restartedMain] INFO  c.alibaba.druid.pool.DruidDataSource 928 - {dataSource-5} inited
2018-05-24 16:03:33,607 [restartedMain] INFO  o.s.o.j.LocalContainerEntityManagerFactoryBean 361 - Building JPA container EntityManagerFactory for persistence unit 'default'
2018-05-24 16:03:33,607 [restartedMain] INFO  o.h.jpa.internal.util.LogHelper 31 - HHH000204: Processing PersistenceUnitInfo [
	name: default
	...]
2018-05-24 16:03:33,614 [restartedMain] INFO  org.hibernate.dialect.Dialect 157 - HHH000400: Using dialect: org.hibernate.dialect.MySQL5Dialect
2018-05-24 16:03:33,758 [restartedMain] INFO  o.s.o.j.LocalContainerEntityManagerFactoryBean 415 - Initialized JPA EntityManagerFactory for persistence unit 'default'
2018-05-24 16:03:33,803 [restartedMain] INFO  o.s.w.s.h.SimpleUrlHandlerMapping 373 - Mapped URL path [/**/favicon.ico] onto handler of type [class org.springframework.web.servlet.resource.ResourceHttpRequestHandler]
2018-05-24 16:03:33,861 [restartedMain] INFO  o.s.w.s.m.m.a.RequestMappingHandlerAdapter 574 - Looking for @ControllerAdvice: org.springframework.boot.web.servlet.context.AnnotationConfigServletWebServerApplicationContext@5a85f45c: startup date [Thu May 24 16:03:32 CST 2018]; root of context hierarchy
2018-05-24 16:03:33,869 [restartedMain] WARN  o.s.b.a.o.j.JpaBaseConfiguration$JpaWebConfiguration$JpaWebMvcConfiguration 235 - spring.jpa.open-in-view is enabled by default. Therefore, database queries may be performed during view rendering. Explicitly configure spring.jpa.open-in-view to disable this warning
2018-05-24 16:03:33,874 [restartedMain] INFO  o.s.w.s.m.m.a.RequestMappingHandlerMapping 547 - Mapped "{[/test/{id}],methods=[GET]}" onto public java.lang.String com.wxywizard.controller.Controller.test(java.lang.String)
2018-05-24 16:03:33,875 [restartedMain] INFO  o.s.w.s.m.m.a.RequestMappingHandlerMapping 547 - Mapped "{[/girls],methods=[GET]}" onto public java.util.List<com.wxywizard.domain.Girl> com.wxywizard.controller.Controller.listGirl()
2018-05-24 16:03:33,875 [restartedMain] INFO  o.s.w.s.m.m.a.RequestMappingHandlerMapping 547 - Mapped "{[/girls],methods=[POST]}" onto public com.wxywizard.domain.Girl com.wxywizard.controller.Controller.saveGirl(java.lang.String,java.lang.Integer)
2018-05-24 16:03:33,875 [restartedMain] INFO  o.s.w.s.m.m.a.RequestMappingHandlerMapping 547 - Mapped "{[/girls/{id}],methods=[GET]}" onto public java.util.Optional<com.wxywizard.domain.Girl> com.wxywizard.controller.Controller.girlFindOne(java.lang.String)
2018-05-24 16:03:33,875 [restartedMain] INFO  o.s.w.s.m.m.a.RequestMappingHandlerMapping 547 - Mapped "{[/girls/{id}],methods=[PUT]}" onto public com.wxywizard.domain.Girl com.wxywizard.controller.Controller.updateGirl(java.lang.String,java.lang.String,java.lang.Integer)
2018-05-24 16:03:33,875 [restartedMain] INFO  o.s.w.s.m.m.a.RequestMappingHandlerMapping 547 - Mapped "{[/girls/{id}],methods=[DELETE]}" onto public void com.wxywizard.controller.Controller.deleteGirl(java.lang.String)
2018-05-24 16:03:33,876 [restartedMain] INFO  o.s.w.s.m.m.a.RequestMappingHandlerMapping 547 - Mapped "{[/error]}" onto public org.springframework.http.ResponseEntity<java.util.Map<java.lang.String, java.lang.Object>> org.springframework.boot.autoconfigure.web.servlet.error.BasicErrorController.error(javax.servlet.http.HttpServletRequest)
2018-05-24 16:03:33,877 [restartedMain] INFO  o.s.w.s.m.m.a.RequestMappingHandlerMapping 547 - Mapped "{[/error],produces=[text/html]}" onto public org.springframework.web.servlet.ModelAndView org.springframework.boot.autoconfigure.web.servlet.error.BasicErrorController.errorHtml(javax.servlet.http.HttpServletRequest,javax.servlet.http.HttpServletResponse)
2018-05-24 16:03:33,885 [restartedMain] INFO  o.s.w.s.h.SimpleUrlHandlerMapping 373 - Mapped URL path [/webjars/**] onto handler of type [class org.springframework.web.servlet.resource.ResourceHttpRequestHandler]
2018-05-24 16:03:33,885 [restartedMain] INFO  o.s.w.s.h.SimpleUrlHandlerMapping 373 - Mapped URL path [/**] onto handler of type [class org.springframework.web.servlet.resource.ResourceHttpRequestHandler]
2018-05-24 16:03:33,940 [restartedMain] INFO  o.s.b.d.a.OptionalLiveReloadServer 57 - LiveReload server is running on port 35729
2018-05-24 16:03:33,962 [restartedMain] INFO  o.s.j.e.a.AnnotationMBeanExporter 433 - Registering beans for JMX exposure on startup
2018-05-24 16:03:33,962 [restartedMain] INFO  o.s.j.e.a.AnnotationMBeanExporter 895 - Bean with name 'dataSource' has been autodetected for JMX exposure
2018-05-24 16:03:33,965 [restartedMain] INFO  o.s.j.e.a.AnnotationMBeanExporter 668 - Located MBean 'dataSource': registering with JMX server as MBean [com.alibaba.druid.pool:name=dataSource,type=DruidDataSource]
2018-05-24 16:03:33,967 [restartedMain] INFO  o.a.coyote.http11.Http11NioProtocol 180 - Starting ProtocolHandler ["http-nio-2018"]
2018-05-24 16:03:33,969 [restartedMain] INFO  o.a.tomcat.util.net.NioSelectorPool 180 - Using a shared selector for servlet write/read
2018-05-24 16:03:33,973 [restartedMain] INFO  o.s.b.w.e.tomcat.TomcatWebServer 206 - Tomcat started on port(s): 2018 (http) with context path ''
2018-05-24 16:03:33,974 [restartedMain] INFO  c.w.HellospringbootApplication 59 - Started HellospringbootApplication in 1.602 seconds (JVM running for 102.747)
2018-05-24 16:03:33,976 [restartedMain] INFO  o.s.b.d.a.ConditionEvaluationDeltaLoggingListener 56 - Condition evaluation unchanged
2018-05-24 17:49:01,453 [restartedMain] INFO  c.w.HellospringbootApplication 50 - Starting HellospringbootApplication on DESKTOP-API2B13 with PID 18716 (D:\idea-workspace\hellospringboot\target\classes started by lenovo in D:\idea-workspace\hellospringboot)
2018-05-24 17:49:01,462 [restartedMain] INFO  c.w.HellospringbootApplication 663 - The following profiles are active: datasource
2018-05-24 17:49:01,563 [restartedMain] INFO  o.s.b.w.s.c.AnnotationConfigServletWebServerApplicationContext 590 - Refreshing org.springframework.boot.web.servlet.context.AnnotationConfigServletWebServerApplicationContext@67e934df: startup date [Thu May 24 17:49:01 CST 2018]; root of context hierarchy
2018-05-24 17:49:03,726 [restartedMain] INFO  o.s.c.s.PostProcessorRegistrationDelegate$BeanPostProcessorChecker 328 - Bean 'org.springframework.transaction.annotation.ProxyTransactionManagementConfiguration' of type [org.springframework.transaction.annotation.ProxyTransactionManagementConfiguration$$EnhancerBySpringCGLIB$$de8e2987] is not eligible for getting processed by all BeanPostProcessors (for example: not eligible for auto-proxying)
2018-05-24 17:49:04,293 [restartedMain] INFO  o.s.b.w.e.tomcat.TomcatWebServer 91 - Tomcat initialized with port(s): 2018 (http)
2018-05-24 17:49:04,306 [restartedMain] INFO  o.a.coyote.http11.Http11NioProtocol 180 - Initializing ProtocolHandler ["http-nio-2018"]
2018-05-24 17:49:04,344 [restartedMain] INFO  o.a.catalina.core.StandardService 180 - Starting service [Tomcat]
2018-05-24 17:49:04,344 [restartedMain] INFO  o.a.catalina.core.StandardEngine 180 - Starting Servlet Engine: Apache Tomcat/8.5.31
2018-05-24 17:49:04,368 [localhost-startStop-1] INFO  o.a.c.core.AprLifecycleListener 180 - The APR based Apache Tomcat Native library which allows optimal performance in production environments was not found on the java.library.path: [C:\Program Files\Java\jdk-10.0.1\bin;C:\WINDOWS\Sun\Java\bin;C:\WINDOWS\system32;C:\WINDOWS;C:\Program Files (x86)\Common Files\Oracle\Java\javapath;C:\Program Files\Java\jdk1.8.0_144\bin;C:\Program Files\Java\jdk1.8.0_144\jre\bin;C:\ProgramData\Oracle\Java\javapath;C:\WINDOWS\system32;C:\WINDOWS;C:\WINDOWS\System32\Wbem;C:\WINDOWS\System32\WindowsPowerShell\v1.0\;D:\apache-maven-3.2.1-bin\bin;C:\Program Files\TortoiseSVN\bin;D:\luaforw\5.1;D:\luaforw\5.1\clibs;C:\Users\lenovo\AppData\Local\Microsoft\WindowsApps;C:\Users\lenovo\AppData\Local\GitHubDesktop\bin;.]
2018-05-24 17:49:04,494 [localhost-startStop-1] INFO  o.a.c.c.C.[Tomcat].[localhost].[/] 180 - Initializing Spring embedded WebApplicationContext
2018-05-24 17:49:04,494 [localhost-startStop-1] INFO  o.s.web.context.ContextLoader 285 - Root WebApplicationContext: initialization completed in 2931 ms
2018-05-24 17:49:04,876 [localhost-startStop-1] INFO  o.s.b.w.s.ServletRegistrationBean 185 - Servlet dispatcherServlet mapped to [/]
2018-05-24 17:49:04,877 [localhost-startStop-1] INFO  o.s.b.w.s.ServletRegistrationBean 185 - Servlet com.wxywizard.config.DruidStatViewServlet mapped to [/druid/*]
2018-05-24 17:49:04,881 [localhost-startStop-1] INFO  o.s.b.w.s.FilterRegistrationBean 244 - Mapping filter: 'characterEncodingFilter' to: [/*]
2018-05-24 17:49:04,881 [localhost-startStop-1] INFO  o.s.b.w.s.FilterRegistrationBean 244 - Mapping filter: 'hiddenHttpMethodFilter' to: [/*]
2018-05-24 17:49:04,881 [localhost-startStop-1] INFO  o.s.b.w.s.FilterRegistrationBean 244 - Mapping filter: 'httpPutFormContentFilter' to: [/*]
2018-05-24 17:49:04,881 [localhost-startStop-1] INFO  o.s.b.w.s.FilterRegistrationBean 244 - Mapping filter: 'requestContextFilter' to: [/*]
2018-05-24 17:49:04,882 [localhost-startStop-1] INFO  o.s.b.w.s.FilterRegistrationBean 257 - Mapping filter: 'druidWebStatFilter' to urls: [/*]
2018-05-24 17:49:05,175 [restartedMain] WARN  o.s.b.w.s.c.AnnotationConfigServletWebServerApplicationContext 558 - Exception encountered during context initialization - cancelling refresh attempt: org.springframework.beans.factory.UnsatisfiedDependencyException: Error creating bean with name 'org.springframework.boot.autoconfigure.orm.jpa.HibernateJpaConfiguration': Unsatisfied dependency expressed through constructor parameter 0; nested exception is org.springframework.boot.context.properties.ConfigurationPropertiesBindException: Error creating bean with name 'druidDataSource': Could not bind properties to 'DruidDataSource' : prefix=spring.datasource.druid, ignoreInvalidFields=false, ignoreUnknownFields=true; nested exception is org.springframework.boot.context.properties.bind.BindException: Failed to bind properties under 'spring.datasource.druid' to javax.sql.DataSource
2018-05-24 17:49:05,178 [restartedMain] INFO  o.a.catalina.core.StandardService 180 - Stopping service [Tomcat]
2018-05-24 17:49:05,254 [restartedMain] INFO  o.s.b.a.l.ConditionEvaluationReportLoggingListener 101 - 

Error starting ApplicationContext. To display the conditions report re-run your application with 'debug' enabled.
2018-05-24 17:49:05,256 [restartedMain] ERROR o.s.b.d.LoggingFailureAnalysisReporter 42 - 

***************************
APPLICATION FAILED TO START
***************************

Description:

Failed to bind properties under 'spring.datasource.druid' to javax.sql.DataSource:

    Property: spring.datasource.druid.filters
    Value: stat,wall,log4j,config
    Origin: class path resource [application-datasource.yml]:29:21
    Reason: Unable to set value for property filters

Action:

Update your application's configuration

